2025-01-20 10:02:14,737 - INFO - Початок обробки PDF файлів...
2025-01-20 10:02:14,739 - WARNING - Не знайдено файлів для обробки.
2025-01-20 10:03:26,009 - INFO - Початок обробки PDF файлів...
2025-01-20 10:03:26,010 - WARNING - Не знайдено файлів для обробки.
2025-01-20 10:08:33,770 - INFO - Початок обробки PDF файлів...
2025-01-20 10:08:33,770 - WARNING - Не знайдено файлів для обробки.
2025-01-20 10:08:49,693 - INFO - Початок обробки PDF файлів...
2025-01-20 10:08:49,694 - INFO - Знайдено файлів для обробки: 7
2025-01-20 10:08:49,694 - INFO - Обробка файлу: D:\Downloads\EXC_70780964.pdf.p7s.pdf
2025-01-20 10:08:49,710 - WARNING - incorrect startxref pointer(1)
2025-01-20 10:08:49,714 - INFO - Кількість сторінок у файлі: 1
2025-01-20 10:08:49,714 - INFO - Обробка сторінки 1 із 1
2025-01-20 10:08:49,716 - ERROR - Помилка під час обробки файлу D:\Downloads\EXC_70780964.pdf.p7s.pdf: 'utf-8' codec can't decode byte 0x82 in position 1: invalid start byte
2025-01-20 10:08:49,717 - INFO - Обробка файлу: D:\Downloads\EXC_70781113.pdf.p7s.pdf
2025-01-20 10:08:49,733 - WARNING - incorrect startxref pointer(1)
2025-01-20 10:08:49,734 - INFO - Кількість сторінок у файлі: 1
2025-01-20 10:08:49,734 - INFO - Обробка сторінки 1 із 1
2025-01-20 10:08:49,737 - ERROR - Помилка під час обробки файлу D:\Downloads\EXC_70781113.pdf.p7s.pdf: 'utf-8' codec can't decode byte 0x82 in position 1: invalid start byte
2025-01-20 10:08:49,737 - INFO - Обробка файлу: D:\Downloads\EXC_70781269.pdf.p7s.pdf
2025-01-20 10:08:49,751 - WARNING - incorrect startxref pointer(1)
2025-01-20 10:08:49,753 - INFO - Кількість сторінок у файлі: 1
2025-01-20 10:08:49,753 - INFO - Обробка сторінки 1 із 1
2025-01-20 10:08:49,754 - ERROR - Помилка під час обробки файлу D:\Downloads\EXC_70781269.pdf.p7s.pdf: 'utf-8' codec can't decode byte 0x82 in position 1: invalid start byte
2025-01-20 10:08:49,754 - INFO - Обробка файлу: D:\Downloads\EXC_70781469.pdf.p7s.pdf
2025-01-20 10:08:49,771 - WARNING - incorrect startxref pointer(1)
2025-01-20 10:08:49,772 - INFO - Кількість сторінок у файлі: 1
2025-01-20 10:08:49,772 - INFO - Обробка сторінки 1 із 1
2025-01-20 10:08:49,774 - ERROR - Помилка під час обробки файлу D:\Downloads\EXC_70781469.pdf.p7s.pdf: 'utf-8' codec can't decode byte 0x82 in position 1: invalid start byte
2025-01-20 10:08:49,775 - INFO - Обробка файлу: D:\Downloads\EXC_70781651.pdf.p7s.pdf
2025-01-20 10:08:49,790 - WARNING - incorrect startxref pointer(1)
2025-01-20 10:08:49,791 - INFO - Кількість сторінок у файлі: 1
2025-01-20 10:08:49,792 - INFO - Обробка сторінки 1 із 1
2025-01-20 10:08:49,793 - ERROR - Помилка під час обробки файлу D:\Downloads\EXC_70781651.pdf.p7s.pdf: 'utf-8' codec can't decode byte 0x82 in position 1: invalid start byte
2025-01-20 10:08:49,793 - INFO - Обробка файлу: D:\Downloads\EXC_70781891.pdf.p7s.pdf
2025-01-20 10:08:49,810 - WARNING - incorrect startxref pointer(1)
2025-01-20 10:08:49,811 - INFO - Кількість сторінок у файлі: 1
2025-01-20 10:08:49,811 - INFO - Обробка сторінки 1 із 1
2025-01-20 10:08:49,812 - ERROR - Помилка під час обробки файлу D:\Downloads\EXC_70781891.pdf.p7s.pdf: 'utf-8' codec can't decode byte 0x82 in position 1: invalid start byte
2025-01-20 10:08:49,812 - INFO - Обробка файлу: D:\Downloads\EXC_70782096.pdf.p7s.pdf
2025-01-20 10:08:49,832 - WARNING - incorrect startxref pointer(1)
2025-01-20 10:08:49,833 - INFO - Кількість сторінок у файлі: 1
2025-01-20 10:08:49,834 - INFO - Обробка сторінки 1 із 1
2025-01-20 10:08:49,835 - ERROR - Помилка під час обробки файлу D:\Downloads\EXC_70782096.pdf.p7s.pdf: 'utf-8' codec can't decode byte 0x82 in position 1: invalid start byte
2025-01-20 10:08:49,843 - INFO - Обробка завершена! Об'єднаний файл збережено: D:\Downloads\final_merged.pdf
2025-01-20 10:10:31,494 - INFO - Початок обробки PDF файлів...
2025-01-20 10:10:31,495 - INFO - Знайдено файлів для обробки: 7
2025-01-20 10:10:31,496 - INFO - Обробка файлу: D:\Downloads\EXC_70780964.pdf.p7s.pdf
2025-01-20 10:10:31,496 - WARNING - incorrect startxref pointer(1)
2025-01-20 10:10:31,498 - INFO - Кількість сторінок у файлі: 1
2025-01-20 10:10:31,501 - INFO - Обробка сторінки 1 із 1
2025-01-20 10:10:31,504 - ERROR - Помилка під час обробки файлу D:\Downloads\EXC_70780964.pdf.p7s.pdf: 'utf-8' codec can't decode byte 0x82 in position 1: invalid start byte
2025-01-20 10:10:31,504 - INFO - Обробка файлу: D:\Downloads\EXC_70781113.pdf.p7s.pdf
2025-01-20 10:10:31,505 - WARNING - incorrect startxref pointer(1)
2025-01-20 10:10:31,506 - INFO - Кількість сторінок у файлі: 1
2025-01-20 10:10:31,506 - INFO - Обробка сторінки 1 із 1
2025-01-20 10:10:31,508 - ERROR - Помилка під час обробки файлу D:\Downloads\EXC_70781113.pdf.p7s.pdf: 'utf-8' codec can't decode byte 0x82 in position 1: invalid start byte
2025-01-20 10:10:31,508 - INFO - Обробка файлу: D:\Downloads\EXC_70781269.pdf.p7s.pdf
2025-01-20 10:10:31,509 - WARNING - incorrect startxref pointer(1)
2025-01-20 10:10:31,510 - INFO - Кількість сторінок у файлі: 1
2025-01-20 10:10:31,510 - INFO - Обробка сторінки 1 із 1
2025-01-20 10:10:31,512 - ERROR - Помилка під час обробки файлу D:\Downloads\EXC_70781269.pdf.p7s.pdf: 'utf-8' codec can't decode byte 0x82 in position 1: invalid start byte
2025-01-20 10:10:31,513 - INFO - Обробка файлу: D:\Downloads\EXC_70781469.pdf.p7s.pdf
2025-01-20 10:10:31,514 - WARNING - incorrect startxref pointer(1)
2025-01-20 10:10:31,514 - INFO - Кількість сторінок у файлі: 1
2025-01-20 10:10:31,516 - INFO - Обробка сторінки 1 із 1
2025-01-20 10:10:31,517 - ERROR - Помилка під час обробки файлу D:\Downloads\EXC_70781469.pdf.p7s.pdf: 'utf-8' codec can't decode byte 0x82 in position 1: invalid start byte
2025-01-20 10:10:31,518 - INFO - Обробка файлу: D:\Downloads\EXC_70781651.pdf.p7s.pdf
2025-01-20 10:10:31,518 - WARNING - incorrect startxref pointer(1)
2025-01-20 10:10:31,520 - INFO - Кількість сторінок у файлі: 1
2025-01-20 10:10:31,520 - INFO - Обробка сторінки 1 із 1
2025-01-20 10:10:31,522 - ERROR - Помилка під час обробки файлу D:\Downloads\EXC_70781651.pdf.p7s.pdf: 'utf-8' codec can't decode byte 0x82 in position 1: invalid start byte
2025-01-20 10:10:31,523 - INFO - Обробка файлу: D:\Downloads\EXC_70781891.pdf.p7s.pdf
2025-01-20 10:10:31,524 - WARNING - incorrect startxref pointer(1)
2025-01-20 10:10:31,525 - INFO - Кількість сторінок у файлі: 1
2025-01-20 10:10:31,525 - INFO - Обробка сторінки 1 із 1
2025-01-20 10:10:31,526 - ERROR - Помилка під час обробки файлу D:\Downloads\EXC_70781891.pdf.p7s.pdf: 'utf-8' codec can't decode byte 0x82 in position 1: invalid start byte
2025-01-20 10:10:31,527 - INFO - Обробка файлу: D:\Downloads\EXC_70782096.pdf.p7s.pdf
2025-01-20 10:10:31,527 - WARNING - incorrect startxref pointer(1)
2025-01-20 10:10:31,528 - INFO - Кількість сторінок у файлі: 1
2025-01-20 10:10:31,529 - INFO - Обробка сторінки 1 із 1
2025-01-20 10:10:31,531 - ERROR - Помилка під час обробки файлу D:\Downloads\EXC_70782096.pdf.p7s.pdf: 'utf-8' codec can't decode byte 0x82 in position 1: invalid start byte
2025-01-20 10:10:31,539 - INFO - Обробка завершена! Об'єднаний файл збережено: D:\Downloads\final_merged.pdf
2025-01-20 10:28:04,520 - INFO - Початок обробки PDF файлів...
2025-01-20 10:28:04,521 - INFO - Знайдено файлів для обробки: 6
2025-01-20 10:28:04,522 - INFO - Обробка файлу: D:\Downloads\EXC_70780964.pdf.p7s.pdf
2025-01-20 10:28:04,548 - WARNING - incorrect startxref pointer(1)
2025-01-20 10:28:04,550 - INFO - Кількість сторінок у файлі: 1
2025-01-20 10:28:04,550 - INFO - Обробка сторінки 1 із 1
2025-01-20 10:28:04,554 - ERROR - Помилка під час обробки файлу D:\Downloads\EXC_70780964.pdf.p7s.pdf: 'utf-8' codec can't decode byte 0x82 in position 1: invalid start byte
2025-01-20 10:28:04,554 - INFO - Обробка файлу: D:\Downloads\EXC_70781113.pdf.p7s.pdf
2025-01-20 10:28:04,578 - WARNING - incorrect startxref pointer(1)
2025-01-20 10:28:04,580 - INFO - Кількість сторінок у файлі: 1
2025-01-20 10:28:04,580 - INFO - Обробка сторінки 1 із 1
2025-01-20 10:28:04,583 - ERROR - Помилка під час обробки файлу D:\Downloads\EXC_70781113.pdf.p7s.pdf: 'utf-8' codec can't decode byte 0x82 in position 1: invalid start byte
2025-01-20 10:28:04,584 - INFO - Обробка файлу: D:\Downloads\EXC_70781269.pdf.p7s.pdf
2025-01-20 10:28:04,607 - WARNING - incorrect startxref pointer(1)
2025-01-20 10:28:04,608 - INFO - Кількість сторінок у файлі: 1
2025-01-20 10:28:04,609 - INFO - Обробка сторінки 1 із 1
2025-01-20 10:28:04,614 - ERROR - Помилка під час обробки файлу D:\Downloads\EXC_70781269.pdf.p7s.pdf: 'utf-8' codec can't decode byte 0x82 in position 1: invalid start byte
2025-01-20 10:28:04,615 - INFO - Обробка файлу: D:\Downloads\EXC_70781469.pdf.p7s.pdf
2025-01-20 10:28:04,638 - WARNING - incorrect startxref pointer(1)
2025-01-20 10:28:04,641 - INFO - Кількість сторінок у файлі: 1
2025-01-20 10:28:04,642 - INFO - Обробка сторінки 1 із 1
2025-01-20 10:28:04,646 - ERROR - Помилка під час обробки файлу D:\Downloads\EXC_70781469.pdf.p7s.pdf: 'utf-8' codec can't decode byte 0x82 in position 1: invalid start byte
2025-01-20 10:28:04,647 - INFO - Обробка файлу: D:\Downloads\EXC_70781651.pdf.p7s.pdf
2025-01-20 10:28:04,668 - WARNING - incorrect startxref pointer(1)
2025-01-20 10:28:04,670 - INFO - Кількість сторінок у файлі: 1
2025-01-20 10:28:04,670 - INFO - Обробка сторінки 1 із 1
2025-01-20 10:28:04,674 - ERROR - Помилка під час обробки файлу D:\Downloads\EXC_70781651.pdf.p7s.pdf: 'utf-8' codec can't decode byte 0x82 in position 1: invalid start byte
2025-01-20 10:28:04,674 - INFO - Обробка файлу: D:\Downloads\EXC_70781891.pdf.p7s.pdf
2025-01-20 10:28:04,697 - WARNING - incorrect startxref pointer(1)
2025-01-20 10:28:04,699 - INFO - Кількість сторінок у файлі: 1
2025-01-20 10:28:04,700 - INFO - Обробка сторінки 1 із 1
2025-01-20 10:28:04,703 - ERROR - Помилка під час обробки файлу D:\Downloads\EXC_70781891.pdf.p7s.pdf: 'utf-8' codec can't decode byte 0x82 in position 1: invalid start byte
2025-01-20 10:28:04,715 - INFO - Обробка завершена! Об'єднаний файл збережено: D:\Downloads\final_merged.pdf
